SF:lib/data/repositories/option_repository.dart
DA:6,1
DA:8,1
DA:9,2
DA:12,0
DA:13,0
LF:5
LH:3
end_of_record
SF:lib/data/services/local_storage_service.dart
DA:4,0
DA:6,0
DA:8,0
DA:10,0
DA:11,0
DA:12,0
DA:15,0
DA:16,0
DA:17,0
DA:20,0
DA:21,0
DA:22,0
DA:25,0
DA:26,0
DA:27,0
LF:15
LH:0
end_of_record
SF:lib/data/repositories/user_repository.dart
DA:7,3
DA:8,2
DA:14,1
DA:16,1
DA:19,2
DA:21,3
DA:22,2
DA:24,1
DA:25,1
DA:26,3
DA:28,1
DA:31,2
DA:33,1
DA:35,0
DA:38,0
DA:41,0
DA:43,0
DA:44,0
DA:46,0
DA:47,0
DA:48,0
DA:50,0
DA:53,0
DA:55,0
DA:57,0
DA:60,0
DA:61,0
DA:63,0
DA:67,0
DA:68,0
DA:70,0
DA:72,0
LF:32
LH:13
end_of_record
SF:lib/data/services/memory_auth_service.dart
DA:5,1
DA:6,3
DA:7,2
DA:9,0
DA:12,0
DA:14,0
DA:15,0
DA:17,0
DA:20,1
DA:22,2
DA:23,1
DA:24,1
DA:26,1
DA:29,0
DA:31,0
DA:35,0
DA:37,0
LF:17
LH:8
end_of_record
SF:lib/utils/result.dart
DA:2,1
DA:4,2
DA:5,2
DA:11,1
DA:17,1
LF:5
LH:5
end_of_record
SF:lib/data/services/checklist_api_service.dart
DA:12,1
DA:14,1
DA:16,3
DA:17,2
DA:18,2
DA:21,0
DA:22,0
DA:24,1
DA:26,0
DA:29,1
DA:31,2
DA:32,1
DA:33,3
DA:39,3
LF:14
LH:11
end_of_record
SF:lib/data/mocks/checklists_json.dart
DA:1,0
DA:2,0
DA:5,0
DA:15,0
DA:18,0
DA:27,0
DA:30,0
DA:37,0
DA:40,0
DA:48,0
DA:51,0
DA:60,0
DA:63,0
DA:70,0
DA:73,0
DA:80,0
DA:83,0
LF:17
LH:0
end_of_record
SF:lib/domain/models/checklist_task.dart
DA:5,1
LF:1
LH:1
end_of_record
